06-Nov-2020 20:32:43.948 信息 [main] org.apache.catalina.startup.VersionLoggerListener.log Server.服务器版本: Apache Tomcat/8.5.58
06-Nov-2020 20:32:43.955 信息 [main] org.apache.catalina.startup.VersionLoggerListener.log 服务器构建:        Sep 10 2020 21:45:33 UTC
06-Nov-2020 20:32:43.956 信息 [main] org.apache.catalina.startup.VersionLoggerListener.log 服务器版本号(:     8.5.58.0
06-Nov-2020 20:32:43.957 信息 [main] org.apache.catalina.startup.VersionLoggerListener.log 操作系统名称:      Windows 10
06-Nov-2020 20:32:43.958 信息 [main] org.apache.catalina.startup.VersionLoggerListener.log OS.版本:           10.0
06-Nov-2020 20:32:43.958 信息 [main] org.apache.catalina.startup.VersionLoggerListener.log 架构:              amd64
06-Nov-2020 20:32:43.958 信息 [main] org.apache.catalina.startup.VersionLoggerListener.log Java 环境变量:     D:\Java\jdk-9.0.4
06-Nov-2020 20:32:43.959 信息 [main] org.apache.catalina.startup.VersionLoggerListener.log Java虚拟机版本:    9.0.4+11
06-Nov-2020 20:32:43.960 信息 [main] org.apache.catalina.startup.VersionLoggerListener.log JVM.供应商:        Oracle Corporation
06-Nov-2020 20:32:43.960 信息 [main] org.apache.catalina.startup.VersionLoggerListener.log CATALINA_BASE:     E:\java\apache-tomcat-8.5.58
06-Nov-2020 20:32:43.961 信息 [main] org.apache.catalina.startup.VersionLoggerListener.log CATALINA_HOME:     E:\java\apache-tomcat-8.5.58
06-Nov-2020 20:32:43.962 信息 [main] org.apache.catalina.startup.VersionLoggerListener.log 命令行参数：--add-opens=java.base/java.lang=ALL-UNNAMED
06-Nov-2020 20:32:43.962 信息 [main] org.apache.catalina.startup.VersionLoggerListener.log 命令行参数：--add-opens=java.base/java.io=ALL-UNNAMED
06-Nov-2020 20:32:43.962 信息 [main] org.apache.catalina.startup.VersionLoggerListener.log 命令行参数：--add-opens=java.rmi/sun.rmi.transport=ALL-UNNAMED
06-Nov-2020 20:32:43.963 信息 [main] org.apache.catalina.startup.VersionLoggerListener.log 命令行参数：-Djava.util.logging.config.file=E:\java\apache-tomcat-8.5.58\conf\logging.properties
06-Nov-2020 20:32:43.963 信息 [main] org.apache.catalina.startup.VersionLoggerListener.log 命令行参数：-Djava.util.logging.manager=org.apache.juli.ClassLoaderLogManager
06-Nov-2020 20:32:43.964 信息 [main] org.apache.catalina.startup.VersionLoggerListener.log 命令行参数：-Djdk.tls.ephemeralDHKeySize=2048
06-Nov-2020 20:32:43.965 信息 [main] org.apache.catalina.startup.VersionLoggerListener.log 命令行参数：-Djava.protocol.handler.pkgs=org.apache.catalina.webresources
06-Nov-2020 20:32:43.972 信息 [main] org.apache.catalina.startup.VersionLoggerListener.log 命令行参数：-Dignore.endorsed.dirs=
06-Nov-2020 20:32:43.973 信息 [main] org.apache.catalina.startup.VersionLoggerListener.log 命令行参数：-Dcatalina.base=E:\java\apache-tomcat-8.5.58
06-Nov-2020 20:32:43.974 信息 [main] org.apache.catalina.startup.VersionLoggerListener.log 命令行参数：-Dcatalina.home=E:\java\apache-tomcat-8.5.58
06-Nov-2020 20:32:43.975 信息 [main] org.apache.catalina.startup.VersionLoggerListener.log 命令行参数：-Djava.io.tmpdir=E:\java\apache-tomcat-8.5.58\temp
06-Nov-2020 20:32:43.975 信息 [main] org.apache.catalina.core.AprLifecycleListener.lifecycleEvent 使用APR版本[1.7.0]加载了基于APR的Apache Tomcat本机库[1.2.25]。
06-Nov-2020 20:32:43.977 信息 [main] org.apache.catalina.core.AprLifecycleListener.lifecycleEvent APR功能：IPv6[true]、sendfile[true]、accept filters[false]、random[true]。
06-Nov-2020 20:32:43.978 信息 [main] org.apache.catalina.core.AprLifecycleListener.lifecycleEvent APR/OpenSSL配置：useAprConnector[false]，useOpenSSL[true]
06-Nov-2020 20:32:43.986 信息 [main] org.apache.catalina.core.AprLifecycleListener.initializeSSL OpenSSL成功初始化 [OpenSSL 1.1.1g  21 Apr 2020]
06-Nov-2020 20:32:44.036 信息 [main] org.apache.coyote.AbstractProtocol.init 初始化协议处理器 ["http-nio-8080"]
06-Nov-2020 20:32:44.066 严重 [main] org.apache.catalina.core.StandardService.initInternal Failed to initialize connector [Connector[HTTP/1.1-8080]]
	org.apache.catalina.LifecycleException: 协议处理程序初始化失败
		at org.apache.catalina.connector.Connector.initInternal(Connector.java:1077)
		at org.apache.catalina.util.LifecycleBase.init(LifecycleBase.java:136)
		at org.apache.catalina.core.StandardService.initInternal(StandardService.java:552)
		at org.apache.catalina.util.LifecycleBase.init(LifecycleBase.java:136)
		at org.apache.catalina.core.StandardServer.initInternal(StandardServer.java:848)
		at org.apache.catalina.util.LifecycleBase.init(LifecycleBase.java:136)
		at org.apache.catalina.startup.Catalina.load(Catalina.java:639)
		at org.apache.catalina.startup.Catalina.load(Catalina.java:662)
		at java.base/jdk.internal.reflect.NativeMethodAccessorImpl.invoke0(Native Method)
		at java.base/jdk.internal.reflect.NativeMethodAccessorImpl.invoke(NativeMethodAccessorImpl.java:62)
		at java.base/jdk.internal.reflect.DelegatingMethodAccessorImpl.invoke(DelegatingMethodAccessorImpl.java:43)
		at java.base/java.lang.reflect.Method.invoke(Method.java:564)
		at org.apache.catalina.startup.Bootstrap.load(Bootstrap.java:302)
		at org.apache.catalina.startup.Bootstrap.main(Bootstrap.java:472)
	Caused by: java.net.BindException: Address already in use: bind
		at java.base/sun.nio.ch.Net.bind0(Native Method)
		at java.base/sun.nio.ch.Net.bind(Net.java:433)
		at java.base/sun.nio.ch.Net.bind(Net.java:425)
		at java.base/sun.nio.ch.ServerSocketChannelImpl.bind(ServerSocketChannelImpl.java:225)
		at java.base/sun.nio.ch.ServerSocketAdaptor.bind(ServerSocketAdaptor.java:74)
		at org.apache.tomcat.util.net.NioEndpoint.bind(NioEndpoint.java:221)
		at org.apache.tomcat.util.net.AbstractEndpoint.init(AbstractEndpoint.java:1118)
		at org.apache.tomcat.util.net.AbstractJsseEndpoint.init(AbstractJsseEndpoint.java:222)
		at org.apache.coyote.AbstractProtocol.init(AbstractProtocol.java:587)
		at org.apache.coyote.http11.AbstractHttp11Protocol.init(AbstractHttp11Protocol.java:75)
		at org.apache.catalina.connector.Connector.initInternal(Connector.java:1075)
		... 13 more
06-Nov-2020 20:32:44.073 信息 [main] org.apache.catalina.startup.Catalina.load Initialization processed in 709 ms
06-Nov-2020 20:32:44.138 信息 [main] org.apache.catalina.core.StandardService.startInternal 正在启动服务[Catalina]
06-Nov-2020 20:32:44.139 信息 [main] org.apache.catalina.core.StandardEngine.startInternal Starting Servlet Engine: Apache Tomcat/8.5.58
06-Nov-2020 20:32:44.151 信息 [localhost-startStop-1] org.apache.catalina.startup.HostConfig.deployDirectory 把web 应用程序部署到目录 [E:\java\apache-tomcat-8.5.58\webapps\docs]
06-Nov-2020 20:32:44.681 警告 [localhost-startStop-1] org.apache.catalina.util.SessionIdGeneratorBase.createSecureRandom 使用[SHA1PRNG]创建会话ID生成的SecureRandom实例花费了[262]毫秒。
06-Nov-2020 20:32:44.708 信息 [localhost-startStop-1] org.apache.catalina.startup.HostConfig.deployDirectory Web应用程序目录[E:\java\apache-tomcat-8.5.58\webapps\docs]的部署已在[557]毫秒内完成
06-Nov-2020 20:32:44.709 信息 [localhost-startStop-1] org.apache.catalina.startup.HostConfig.deployDirectory 把web 应用程序部署到目录 [E:\java\apache-tomcat-8.5.58\webapps\examples]
06-Nov-2020 20:32:45.297 信息 [localhost-startStop-1] org.apache.catalina.startup.HostConfig.deployDirectory Web应用程序目录[E:\java\apache-tomcat-8.5.58\webapps\examples]的部署已在[588]毫秒内完成
06-Nov-2020 20:32:45.298 信息 [localhost-startStop-1] org.apache.catalina.startup.HostConfig.deployDirectory 把web 应用程序部署到目录 [E:\java\apache-tomcat-8.5.58\webapps\host-manager]
06-Nov-2020 20:32:45.362 信息 [localhost-startStop-1] org.apache.catalina.startup.HostConfig.deployDirectory Web应用程序目录[E:\java\apache-tomcat-8.5.58\webapps\host-manager]的部署已在[63]毫秒内完成
06-Nov-2020 20:32:45.362 信息 [localhost-startStop-1] org.apache.catalina.startup.HostConfig.deployDirectory 把web 应用程序部署到目录 [E:\java\apache-tomcat-8.5.58\webapps\manager]
06-Nov-2020 20:32:45.392 信息 [localhost-startStop-1] org.apache.catalina.startup.HostConfig.deployDirectory Web应用程序目录[E:\java\apache-tomcat-8.5.58\webapps\manager]的部署已在[30]毫秒内完成
06-Nov-2020 20:32:45.393 信息 [localhost-startStop-1] org.apache.catalina.startup.HostConfig.deployDirectory 把web 应用程序部署到目录 [E:\java\apache-tomcat-8.5.58\webapps\ROOT]
06-Nov-2020 20:32:45.420 信息 [localhost-startStop-1] org.apache.catalina.startup.HostConfig.deployDirectory Web应用程序目录[E:\java\apache-tomcat-8.5.58\webapps\ROOT]的部署已在[26]毫秒内完成
06-Nov-2020 20:32:45.423 信息 [main] org.apache.catalina.startup.Catalina.start Server startup in 1347 ms
06-Nov-2020 20:32:45.430 严重 [main] org.apache.catalina.core.StandardServer.await StandardServer.await: create[localhost:8005]: 
	java.net.BindException: Address already in use: NET_Bind
		at java.base/java.net.DualStackPlainSocketImpl.bind0(Native Method)
		at java.base/java.net.DualStackPlainSocketImpl.socketBind(DualStackPlainSocketImpl.java:106)
		at java.base/java.net.AbstractPlainSocketImpl.bind(AbstractPlainSocketImpl.java:437)
		at java.base/java.net.PlainSocketImpl.bind(PlainSocketImpl.java:174)
		at java.base/java.net.ServerSocket.bind(ServerSocket.java:381)
		at java.base/java.net.ServerSocket.<init>(ServerSocket.java:243)
		at org.apache.catalina.core.StandardServer.await(StandardServer.java:421)
		at org.apache.catalina.startup.Catalina.await(Catalina.java:776)
		at org.apache.catalina.startup.Catalina.start(Catalina.java:722)
		at java.base/jdk.internal.reflect.NativeMethodAccessorImpl.invoke0(Native Method)
		at java.base/jdk.internal.reflect.NativeMethodAccessorImpl.invoke(NativeMethodAccessorImpl.java:62)
		at java.base/jdk.internal.reflect.DelegatingMethodAccessorImpl.invoke(DelegatingMethodAccessorImpl.java:43)
		at java.base/java.lang.reflect.Method.invoke(Method.java:564)
		at org.apache.catalina.startup.Bootstrap.start(Bootstrap.java:342)
		at org.apache.catalina.startup.Bootstrap.main(Bootstrap.java:473)
06-Nov-2020 20:32:45.433 信息 [main] org.apache.coyote.AbstractProtocol.pause 暂停ProtocolHandler["http-nio-8080"]
06-Nov-2020 20:32:45.434 信息 [main] org.apache.catalina.core.StandardService.stopInternal 正在停止服务[Catalina]
06-Nov-2020 20:32:45.457 信息 [main] org.apache.coyote.AbstractProtocol.stop 正在停止ProtocolHandler ["http-nio-8080"]
06-Nov-2020 20:32:45.458 信息 [main] org.apache.coyote.AbstractProtocol.destroy 正在摧毁协议处理器 ["http-nio-8080"]
06-Nov-2020 20:38:31.068 信息 [main] org.apache.catalina.startup.VersionLoggerListener.log Server.服务器版本: Apache Tomcat/8.5.58
06-Nov-2020 20:38:31.075 信息 [main] org.apache.catalina.startup.VersionLoggerListener.log 服务器构建:        Sep 10 2020 21:45:33 UTC
06-Nov-2020 20:38:31.076 信息 [main] org.apache.catalina.startup.VersionLoggerListener.log 服务器版本号(:     8.5.58.0
06-Nov-2020 20:38:31.077 信息 [main] org.apache.catalina.startup.VersionLoggerListener.log 操作系统名称:      Windows 10
06-Nov-2020 20:38:31.077 信息 [main] org.apache.catalina.startup.VersionLoggerListener.log OS.版本:           10.0
06-Nov-2020 20:38:31.078 信息 [main] org.apache.catalina.startup.VersionLoggerListener.log 架构:              amd64
06-Nov-2020 20:38:31.079 信息 [main] org.apache.catalina.startup.VersionLoggerListener.log Java 环境变量:     D:\Java\jdk-9.0.4
06-Nov-2020 20:38:31.079 信息 [main] org.apache.catalina.startup.VersionLoggerListener.log Java虚拟机版本:    9.0.4+11
06-Nov-2020 20:38:31.080 信息 [main] org.apache.catalina.startup.VersionLoggerListener.log JVM.供应商:        Oracle Corporation
06-Nov-2020 20:38:31.080 信息 [main] org.apache.catalina.startup.VersionLoggerListener.log CATALINA_BASE:     E:\java\apache-tomcat-8.5.58
06-Nov-2020 20:38:31.081 信息 [main] org.apache.catalina.startup.VersionLoggerListener.log CATALINA_HOME:     E:\java\apache-tomcat-8.5.58
06-Nov-2020 20:38:31.082 信息 [main] org.apache.catalina.startup.VersionLoggerListener.log 命令行参数：--add-opens=java.base/java.lang=ALL-UNNAMED
06-Nov-2020 20:38:31.083 信息 [main] org.apache.catalina.startup.VersionLoggerListener.log 命令行参数：--add-opens=java.base/java.io=ALL-UNNAMED
06-Nov-2020 20:38:31.083 信息 [main] org.apache.catalina.startup.VersionLoggerListener.log 命令行参数：--add-opens=java.rmi/sun.rmi.transport=ALL-UNNAMED
06-Nov-2020 20:38:31.083 信息 [main] org.apache.catalina.startup.VersionLoggerListener.log 命令行参数：-Djava.util.logging.config.file=E:\java\apache-tomcat-8.5.58\conf\logging.properties
06-Nov-2020 20:38:31.084 信息 [main] org.apache.catalina.startup.VersionLoggerListener.log 命令行参数：-Djava.util.logging.manager=org.apache.juli.ClassLoaderLogManager
06-Nov-2020 20:38:31.084 信息 [main] org.apache.catalina.startup.VersionLoggerListener.log 命令行参数：-Djdk.tls.ephemeralDHKeySize=2048
06-Nov-2020 20:38:31.085 信息 [main] org.apache.catalina.startup.VersionLoggerListener.log 命令行参数：-Djava.protocol.handler.pkgs=org.apache.catalina.webresources
06-Nov-2020 20:38:31.089 信息 [main] org.apache.catalina.startup.VersionLoggerListener.log 命令行参数：-Dignore.endorsed.dirs=
06-Nov-2020 20:38:31.090 信息 [main] org.apache.catalina.startup.VersionLoggerListener.log 命令行参数：-Dcatalina.base=E:\java\apache-tomcat-8.5.58
06-Nov-2020 20:38:31.091 信息 [main] org.apache.catalina.startup.VersionLoggerListener.log 命令行参数：-Dcatalina.home=E:\java\apache-tomcat-8.5.58
06-Nov-2020 20:38:31.092 信息 [main] org.apache.catalina.startup.VersionLoggerListener.log 命令行参数：-Djava.io.tmpdir=E:\java\apache-tomcat-8.5.58\temp
06-Nov-2020 20:38:31.093 信息 [main] org.apache.catalina.core.AprLifecycleListener.lifecycleEvent 使用APR版本[1.7.0]加载了基于APR的Apache Tomcat本机库[1.2.25]。
06-Nov-2020 20:38:31.093 信息 [main] org.apache.catalina.core.AprLifecycleListener.lifecycleEvent APR功能：IPv6[true]、sendfile[true]、accept filters[false]、random[true]。
06-Nov-2020 20:38:31.094 信息 [main] org.apache.catalina.core.AprLifecycleListener.lifecycleEvent APR/OpenSSL配置：useAprConnector[false]，useOpenSSL[true]
06-Nov-2020 20:38:31.101 信息 [main] org.apache.catalina.core.AprLifecycleListener.initializeSSL OpenSSL成功初始化 [OpenSSL 1.1.1g  21 Apr 2020]
06-Nov-2020 20:38:31.150 信息 [main] org.apache.coyote.AbstractProtocol.init 初始化协议处理器 ["http-nio-8080"]
06-Nov-2020 20:38:31.165 严重 [main] org.apache.catalina.core.StandardService.initInternal Failed to initialize connector [Connector[HTTP/1.1-8080]]
	org.apache.catalina.LifecycleException: 协议处理程序初始化失败
		at org.apache.catalina.connector.Connector.initInternal(Connector.java:1077)
		at org.apache.catalina.util.LifecycleBase.init(LifecycleBase.java:136)
		at org.apache.catalina.core.StandardService.initInternal(StandardService.java:552)
		at org.apache.catalina.util.LifecycleBase.init(LifecycleBase.java:136)
		at org.apache.catalina.core.StandardServer.initInternal(StandardServer.java:848)
		at org.apache.catalina.util.LifecycleBase.init(LifecycleBase.java:136)
		at org.apache.catalina.startup.Catalina.load(Catalina.java:639)
		at org.apache.catalina.startup.Catalina.load(Catalina.java:662)
		at java.base/jdk.internal.reflect.NativeMethodAccessorImpl.invoke0(Native Method)
		at java.base/jdk.internal.reflect.NativeMethodAccessorImpl.invoke(NativeMethodAccessorImpl.java:62)
		at java.base/jdk.internal.reflect.DelegatingMethodAccessorImpl.invoke(DelegatingMethodAccessorImpl.java:43)
		at java.base/java.lang.reflect.Method.invoke(Method.java:564)
		at org.apache.catalina.startup.Bootstrap.load(Bootstrap.java:302)
		at org.apache.catalina.startup.Bootstrap.main(Bootstrap.java:472)
	Caused by: java.net.BindException: Address already in use: bind
		at java.base/sun.nio.ch.Net.bind0(Native Method)
		at java.base/sun.nio.ch.Net.bind(Net.java:433)
		at java.base/sun.nio.ch.Net.bind(Net.java:425)
		at java.base/sun.nio.ch.ServerSocketChannelImpl.bind(ServerSocketChannelImpl.java:225)
		at java.base/sun.nio.ch.ServerSocketAdaptor.bind(ServerSocketAdaptor.java:74)
		at org.apache.tomcat.util.net.NioEndpoint.bind(NioEndpoint.java:221)
		at org.apache.tomcat.util.net.AbstractEndpoint.init(AbstractEndpoint.java:1118)
		at org.apache.tomcat.util.net.AbstractJsseEndpoint.init(AbstractJsseEndpoint.java:222)
		at org.apache.coyote.AbstractProtocol.init(AbstractProtocol.java:587)
		at org.apache.coyote.http11.AbstractHttp11Protocol.init(AbstractHttp11Protocol.java:75)
		at org.apache.catalina.connector.Connector.initInternal(Connector.java:1075)
		... 13 more
06-Nov-2020 20:38:31.171 信息 [main] org.apache.catalina.startup.Catalina.load Initialization processed in 681 ms
06-Nov-2020 20:38:31.238 信息 [main] org.apache.catalina.core.StandardService.startInternal 正在启动服务[Catalina]
06-Nov-2020 20:38:31.239 信息 [main] org.apache.catalina.core.StandardEngine.startInternal Starting Servlet Engine: Apache Tomcat/8.5.58
06-Nov-2020 20:38:31.249 信息 [localhost-startStop-1] org.apache.catalina.startup.HostConfig.deployDirectory 把web 应用程序部署到目录 [E:\java\apache-tomcat-8.5.58\webapps\docs]
06-Nov-2020 20:38:31.762 警告 [localhost-startStop-1] org.apache.catalina.util.SessionIdGeneratorBase.createSecureRandom 使用[SHA1PRNG]创建会话ID生成的SecureRandom实例花费了[258]毫秒。
06-Nov-2020 20:38:31.787 信息 [localhost-startStop-1] org.apache.catalina.startup.HostConfig.deployDirectory Web应用程序目录[E:\java\apache-tomcat-8.5.58\webapps\docs]的部署已在[538]毫秒内完成
06-Nov-2020 20:38:31.788 信息 [localhost-startStop-1] org.apache.catalina.startup.HostConfig.deployDirectory 把web 应用程序部署到目录 [E:\java\apache-tomcat-8.5.58\webapps\examples]
06-Nov-2020 20:38:32.163 信息 [localhost-startStop-1] org.apache.catalina.startup.HostConfig.deployDirectory Web应用程序目录[E:\java\apache-tomcat-8.5.58\webapps\examples]的部署已在[375]毫秒内完成
06-Nov-2020 20:38:32.164 信息 [localhost-startStop-1] org.apache.catalina.startup.HostConfig.deployDirectory 把web 应用程序部署到目录 [E:\java\apache-tomcat-8.5.58\webapps\host-manager]
06-Nov-2020 20:38:32.205 信息 [localhost-startStop-1] org.apache.catalina.startup.HostConfig.deployDirectory Web应用程序目录[E:\java\apache-tomcat-8.5.58\webapps\host-manager]的部署已在[41]毫秒内完成
06-Nov-2020 20:38:32.206 信息 [localhost-startStop-1] org.apache.catalina.startup.HostConfig.deployDirectory 把web 应用程序部署到目录 [E:\java\apache-tomcat-8.5.58\webapps\manager]
06-Nov-2020 20:38:32.236 信息 [localhost-startStop-1] org.apache.catalina.startup.HostConfig.deployDirectory Web应用程序目录[E:\java\apache-tomcat-8.5.58\webapps\manager]的部署已在[30]毫秒内完成
06-Nov-2020 20:38:32.237 信息 [localhost-startStop-1] org.apache.catalina.startup.HostConfig.deployDirectory 把web 应用程序部署到目录 [E:\java\apache-tomcat-8.5.58\webapps\ROOT]
06-Nov-2020 20:38:32.260 信息 [localhost-startStop-1] org.apache.catalina.startup.HostConfig.deployDirectory Web应用程序目录[E:\java\apache-tomcat-8.5.58\webapps\ROOT]的部署已在[22]毫秒内完成
06-Nov-2020 20:38:32.263 信息 [main] org.apache.catalina.startup.Catalina.start Server startup in 1088 ms
06-Nov-2020 20:38:32.272 严重 [main] org.apache.catalina.core.StandardServer.await StandardServer.await: create[localhost:8005]: 
	java.net.BindException: Address already in use: NET_Bind
		at java.base/java.net.DualStackPlainSocketImpl.bind0(Native Method)
		at java.base/java.net.DualStackPlainSocketImpl.socketBind(DualStackPlainSocketImpl.java:106)
		at java.base/java.net.AbstractPlainSocketImpl.bind(AbstractPlainSocketImpl.java:437)
		at java.base/java.net.PlainSocketImpl.bind(PlainSocketImpl.java:174)
		at java.base/java.net.ServerSocket.bind(ServerSocket.java:381)
		at java.base/java.net.ServerSocket.<init>(ServerSocket.java:243)
		at org.apache.catalina.core.StandardServer.await(StandardServer.java:421)
		at org.apache.catalina.startup.Catalina.await(Catalina.java:776)
		at org.apache.catalina.startup.Catalina.start(Catalina.java:722)
		at java.base/jdk.internal.reflect.NativeMethodAccessorImpl.invoke0(Native Method)
		at java.base/jdk.internal.reflect.NativeMethodAccessorImpl.invoke(NativeMethodAccessorImpl.java:62)
		at java.base/jdk.internal.reflect.DelegatingMethodAccessorImpl.invoke(DelegatingMethodAccessorImpl.java:43)
		at java.base/java.lang.reflect.Method.invoke(Method.java:564)
		at org.apache.catalina.startup.Bootstrap.start(Bootstrap.java:342)
		at org.apache.catalina.startup.Bootstrap.main(Bootstrap.java:473)
06-Nov-2020 20:38:32.275 信息 [main] org.apache.coyote.AbstractProtocol.pause 暂停ProtocolHandler["http-nio-8080"]
06-Nov-2020 20:38:32.275 信息 [main] org.apache.catalina.core.StandardService.stopInternal 正在停止服务[Catalina]
06-Nov-2020 20:38:32.297 信息 [main] org.apache.coyote.AbstractProtocol.stop 正在停止ProtocolHandler ["http-nio-8080"]
06-Nov-2020 20:38:32.299 信息 [main] org.apache.coyote.AbstractProtocol.destroy 正在摧毁协议处理器 ["http-nio-8080"]
06-Nov-2020 20:39:41.237 信息 [main] org.apache.catalina.startup.VersionLoggerListener.log Server.服务器版本: Apache Tomcat/8.5.58
06-Nov-2020 20:39:41.243 信息 [main] org.apache.catalina.startup.VersionLoggerListener.log 服务器构建:        Sep 10 2020 21:45:33 UTC
06-Nov-2020 20:39:41.244 信息 [main] org.apache.catalina.startup.VersionLoggerListener.log 服务器版本号(:     8.5.58.0
06-Nov-2020 20:39:41.244 信息 [main] org.apache.catalina.startup.VersionLoggerListener.log 操作系统名称:      Windows 10
06-Nov-2020 20:39:41.245 信息 [main] org.apache.catalina.startup.VersionLoggerListener.log OS.版本:           10.0
06-Nov-2020 20:39:41.245 信息 [main] org.apache.catalina.startup.VersionLoggerListener.log 架构:              amd64
06-Nov-2020 20:39:41.245 信息 [main] org.apache.catalina.startup.VersionLoggerListener.log Java 环境变量:     D:\Java\jdk-9.0.4
06-Nov-2020 20:39:41.246 信息 [main] org.apache.catalina.startup.VersionLoggerListener.log Java虚拟机版本:    9.0.4+11
06-Nov-2020 20:39:41.246 信息 [main] org.apache.catalina.startup.VersionLoggerListener.log JVM.供应商:        Oracle Corporation
06-Nov-2020 20:39:41.247 信息 [main] org.apache.catalina.startup.VersionLoggerListener.log CATALINA_BASE:     E:\java\apache-tomcat-8.5.58
06-Nov-2020 20:39:41.247 信息 [main] org.apache.catalina.startup.VersionLoggerListener.log CATALINA_HOME:     E:\java\apache-tomcat-8.5.58
06-Nov-2020 20:39:41.248 信息 [main] org.apache.catalina.startup.VersionLoggerListener.log 命令行参数：--add-opens=java.base/java.lang=ALL-UNNAMED
06-Nov-2020 20:39:41.249 信息 [main] org.apache.catalina.startup.VersionLoggerListener.log 命令行参数：--add-opens=java.base/java.io=ALL-UNNAMED
06-Nov-2020 20:39:41.249 信息 [main] org.apache.catalina.startup.VersionLoggerListener.log 命令行参数：--add-opens=java.rmi/sun.rmi.transport=ALL-UNNAMED
06-Nov-2020 20:39:41.250 信息 [main] org.apache.catalina.startup.VersionLoggerListener.log 命令行参数：-Djava.util.logging.config.file=E:\java\apache-tomcat-8.5.58\conf\logging.properties
06-Nov-2020 20:39:41.250 信息 [main] org.apache.catalina.startup.VersionLoggerListener.log 命令行参数：-Djava.util.logging.manager=org.apache.juli.ClassLoaderLogManager
06-Nov-2020 20:39:41.251 信息 [main] org.apache.catalina.startup.VersionLoggerListener.log 命令行参数：-Djdk.tls.ephemeralDHKeySize=2048
06-Nov-2020 20:39:41.253 信息 [main] org.apache.catalina.startup.VersionLoggerListener.log 命令行参数：-Djava.protocol.handler.pkgs=org.apache.catalina.webresources
06-Nov-2020 20:39:41.257 信息 [main] org.apache.catalina.startup.VersionLoggerListener.log 命令行参数：-Dignore.endorsed.dirs=
06-Nov-2020 20:39:41.258 信息 [main] org.apache.catalina.startup.VersionLoggerListener.log 命令行参数：-Dcatalina.base=E:\java\apache-tomcat-8.5.58
06-Nov-2020 20:39:41.259 信息 [main] org.apache.catalina.startup.VersionLoggerListener.log 命令行参数：-Dcatalina.home=E:\java\apache-tomcat-8.5.58
06-Nov-2020 20:39:41.260 信息 [main] org.apache.catalina.startup.VersionLoggerListener.log 命令行参数：-Djava.io.tmpdir=E:\java\apache-tomcat-8.5.58\temp
06-Nov-2020 20:39:41.261 信息 [main] org.apache.catalina.core.AprLifecycleListener.lifecycleEvent 使用APR版本[1.7.0]加载了基于APR的Apache Tomcat本机库[1.2.25]。
06-Nov-2020 20:39:41.262 信息 [main] org.apache.catalina.core.AprLifecycleListener.lifecycleEvent APR功能：IPv6[true]、sendfile[true]、accept filters[false]、random[true]。
06-Nov-2020 20:39:41.263 信息 [main] org.apache.catalina.core.AprLifecycleListener.lifecycleEvent APR/OpenSSL配置：useAprConnector[false]，useOpenSSL[true]
06-Nov-2020 20:39:41.271 信息 [main] org.apache.catalina.core.AprLifecycleListener.initializeSSL OpenSSL成功初始化 [OpenSSL 1.1.1g  21 Apr 2020]
06-Nov-2020 20:39:41.319 信息 [main] org.apache.coyote.AbstractProtocol.init 初始化协议处理器 ["http-nio-8080"]
06-Nov-2020 20:39:41.335 严重 [main] org.apache.catalina.core.StandardService.initInternal Failed to initialize connector [Connector[HTTP/1.1-8080]]
	org.apache.catalina.LifecycleException: 协议处理程序初始化失败
		at org.apache.catalina.connector.Connector.initInternal(Connector.java:1077)
		at org.apache.catalina.util.LifecycleBase.init(LifecycleBase.java:136)
		at org.apache.catalina.core.StandardService.initInternal(StandardService.java:552)
		at org.apache.catalina.util.LifecycleBase.init(LifecycleBase.java:136)
		at org.apache.catalina.core.StandardServer.initInternal(StandardServer.java:848)
		at org.apache.catalina.util.LifecycleBase.init(LifecycleBase.java:136)
		at org.apache.catalina.startup.Catalina.load(Catalina.java:639)
		at org.apache.catalina.startup.Catalina.load(Catalina.java:662)
		at java.base/jdk.internal.reflect.NativeMethodAccessorImpl.invoke0(Native Method)
		at java.base/jdk.internal.reflect.NativeMethodAccessorImpl.invoke(NativeMethodAccessorImpl.java:62)
		at java.base/jdk.internal.reflect.DelegatingMethodAccessorImpl.invoke(DelegatingMethodAccessorImpl.java:43)
		at java.base/java.lang.reflect.Method.invoke(Method.java:564)
		at org.apache.catalina.startup.Bootstrap.load(Bootstrap.java:302)
		at org.apache.catalina.startup.Bootstrap.main(Bootstrap.java:472)
	Caused by: java.net.BindException: Address already in use: bind
		at java.base/sun.nio.ch.Net.bind0(Native Method)
		at java.base/sun.nio.ch.Net.bind(Net.java:433)
		at java.base/sun.nio.ch.Net.bind(Net.java:425)
		at java.base/sun.nio.ch.ServerSocketChannelImpl.bind(ServerSocketChannelImpl.java:225)
		at java.base/sun.nio.ch.ServerSocketAdaptor.bind(ServerSocketAdaptor.java:74)
		at org.apache.tomcat.util.net.NioEndpoint.bind(NioEndpoint.java:221)
		at org.apache.tomcat.util.net.AbstractEndpoint.init(AbstractEndpoint.java:1118)
		at org.apache.tomcat.util.net.AbstractJsseEndpoint.init(AbstractJsseEndpoint.java:222)
		at org.apache.coyote.AbstractProtocol.init(AbstractProtocol.java:587)
		at org.apache.coyote.http11.AbstractHttp11Protocol.init(AbstractHttp11Protocol.java:75)
		at org.apache.catalina.connector.Connector.initInternal(Connector.java:1075)
		... 13 more
06-Nov-2020 20:39:41.340 信息 [main] org.apache.catalina.startup.Catalina.load Initialization processed in 681 ms
06-Nov-2020 20:39:41.407 信息 [main] org.apache.catalina.core.StandardService.startInternal 正在启动服务[Catalina]
06-Nov-2020 20:39:41.407 信息 [main] org.apache.catalina.core.StandardEngine.startInternal Starting Servlet Engine: Apache Tomcat/8.5.58
06-Nov-2020 20:39:41.420 信息 [localhost-startStop-1] org.apache.catalina.startup.HostConfig.deployDirectory 把web 应用程序部署到目录 [E:\java\apache-tomcat-8.5.58\webapps\docs]
06-Nov-2020 20:39:41.938 警告 [localhost-startStop-1] org.apache.catalina.util.SessionIdGeneratorBase.createSecureRandom 使用[SHA1PRNG]创建会话ID生成的SecureRandom实例花费了[259]毫秒。
06-Nov-2020 20:39:41.964 信息 [localhost-startStop-1] org.apache.catalina.startup.HostConfig.deployDirectory Web应用程序目录[E:\java\apache-tomcat-8.5.58\webapps\docs]的部署已在[543]毫秒内完成
06-Nov-2020 20:39:41.965 信息 [localhost-startStop-1] org.apache.catalina.startup.HostConfig.deployDirectory 把web 应用程序部署到目录 [E:\java\apache-tomcat-8.5.58\webapps\examples]
06-Nov-2020 20:39:42.349 信息 [localhost-startStop-1] org.apache.catalina.startup.HostConfig.deployDirectory Web应用程序目录[E:\java\apache-tomcat-8.5.58\webapps\examples]的部署已在[384]毫秒内完成
06-Nov-2020 20:39:42.351 信息 [localhost-startStop-1] org.apache.catalina.startup.HostConfig.deployDirectory 把web 应用程序部署到目录 [E:\java\apache-tomcat-8.5.58\webapps\host-manager]
06-Nov-2020 20:39:42.390 信息 [localhost-startStop-1] org.apache.catalina.startup.HostConfig.deployDirectory Web应用程序目录[E:\java\apache-tomcat-8.5.58\webapps\host-manager]的部署已在[40]毫秒内完成
06-Nov-2020 20:39:42.391 信息 [localhost-startStop-1] org.apache.catalina.startup.HostConfig.deployDirectory 把web 应用程序部署到目录 [E:\java\apache-tomcat-8.5.58\webapps\manager]
06-Nov-2020 20:39:42.421 信息 [localhost-startStop-1] org.apache.catalina.startup.HostConfig.deployDirectory Web应用程序目录[E:\java\apache-tomcat-8.5.58\webapps\manager]的部署已在[30]毫秒内完成
06-Nov-2020 20:39:42.422 信息 [localhost-startStop-1] org.apache.catalina.startup.HostConfig.deployDirectory 把web 应用程序部署到目录 [E:\java\apache-tomcat-8.5.58\webapps\ROOT]
06-Nov-2020 20:39:42.446 信息 [localhost-startStop-1] org.apache.catalina.startup.HostConfig.deployDirectory Web应用程序目录[E:\java\apache-tomcat-8.5.58\webapps\ROOT]的部署已在[23]毫秒内完成
06-Nov-2020 20:39:42.450 信息 [main] org.apache.catalina.startup.Catalina.start Server startup in 1106 ms
06-Nov-2020 20:39:42.457 严重 [main] org.apache.catalina.core.StandardServer.await StandardServer.await: create[localhost:8005]: 
	java.net.BindException: Address already in use: NET_Bind
		at java.base/java.net.DualStackPlainSocketImpl.bind0(Native Method)
		at java.base/java.net.DualStackPlainSocketImpl.socketBind(DualStackPlainSocketImpl.java:106)
		at java.base/java.net.AbstractPlainSocketImpl.bind(AbstractPlainSocketImpl.java:437)
		at java.base/java.net.PlainSocketImpl.bind(PlainSocketImpl.java:174)
		at java.base/java.net.ServerSocket.bind(ServerSocket.java:381)
		at java.base/java.net.ServerSocket.<init>(ServerSocket.java:243)
		at org.apache.catalina.core.StandardServer.await(StandardServer.java:421)
		at org.apache.catalina.startup.Catalina.await(Catalina.java:776)
		at org.apache.catalina.startup.Catalina.start(Catalina.java:722)
		at java.base/jdk.internal.reflect.NativeMethodAccessorImpl.invoke0(Native Method)
		at java.base/jdk.internal.reflect.NativeMethodAccessorImpl.invoke(NativeMethodAccessorImpl.java:62)
		at java.base/jdk.internal.reflect.DelegatingMethodAccessorImpl.invoke(DelegatingMethodAccessorImpl.java:43)
		at java.base/java.lang.reflect.Method.invoke(Method.java:564)
		at org.apache.catalina.startup.Bootstrap.start(Bootstrap.java:342)
		at org.apache.catalina.startup.Bootstrap.main(Bootstrap.java:473)
06-Nov-2020 20:39:42.460 信息 [main] org.apache.coyote.AbstractProtocol.pause 暂停ProtocolHandler["http-nio-8080"]
06-Nov-2020 20:39:42.463 信息 [main] org.apache.catalina.core.StandardService.stopInternal 正在停止服务[Catalina]
06-Nov-2020 20:39:42.485 信息 [main] org.apache.coyote.AbstractProtocol.stop 正在停止ProtocolHandler ["http-nio-8080"]
06-Nov-2020 20:39:42.487 信息 [main] org.apache.coyote.AbstractProtocol.destroy 正在摧毁协议处理器 ["http-nio-8080"]
06-Nov-2020 20:45:54.279 信息 [main] org.apache.catalina.startup.VersionLoggerListener.log Server.服务器版本: Apache Tomcat/8.5.58
06-Nov-2020 20:45:54.287 信息 [main] org.apache.catalina.startup.VersionLoggerListener.log 服务器构建:        Sep 10 2020 21:45:33 UTC
06-Nov-2020 20:45:54.289 信息 [main] org.apache.catalina.startup.VersionLoggerListener.log 服务器版本号(:     8.5.58.0
06-Nov-2020 20:45:54.289 信息 [main] org.apache.catalina.startup.VersionLoggerListener.log 操作系统名称:      Windows 10
06-Nov-2020 20:45:54.290 信息 [main] org.apache.catalina.startup.VersionLoggerListener.log OS.版本:           10.0
06-Nov-2020 20:45:54.290 信息 [main] org.apache.catalina.startup.VersionLoggerListener.log 架构:              amd64
06-Nov-2020 20:45:54.290 信息 [main] org.apache.catalina.startup.VersionLoggerListener.log Java 环境变量:     D:\Java\jdk-9.0.4
06-Nov-2020 20:45:54.290 信息 [main] org.apache.catalina.startup.VersionLoggerListener.log Java虚拟机版本:    9.0.4+11
06-Nov-2020 20:45:54.291 信息 [main] org.apache.catalina.startup.VersionLoggerListener.log JVM.供应商:        Oracle Corporation
06-Nov-2020 20:45:54.291 信息 [main] org.apache.catalina.startup.VersionLoggerListener.log CATALINA_BASE:     E:\java\apache-tomcat-8.5.58
06-Nov-2020 20:45:54.292 信息 [main] org.apache.catalina.startup.VersionLoggerListener.log CATALINA_HOME:     E:\java\apache-tomcat-8.5.58
06-Nov-2020 20:45:54.292 信息 [main] org.apache.catalina.startup.VersionLoggerListener.log 命令行参数：--add-opens=java.base/java.lang=ALL-UNNAMED
06-Nov-2020 20:45:54.293 信息 [main] org.apache.catalina.startup.VersionLoggerListener.log 命令行参数：--add-opens=java.base/java.io=ALL-UNNAMED
06-Nov-2020 20:45:54.293 信息 [main] org.apache.catalina.startup.VersionLoggerListener.log 命令行参数：--add-opens=java.rmi/sun.rmi.transport=ALL-UNNAMED
06-Nov-2020 20:45:54.294 信息 [main] org.apache.catalina.startup.VersionLoggerListener.log 命令行参数：-Djava.util.logging.config.file=E:\java\apache-tomcat-8.5.58\conf\logging.properties
06-Nov-2020 20:45:54.294 信息 [main] org.apache.catalina.startup.VersionLoggerListener.log 命令行参数：-Djava.util.logging.manager=org.apache.juli.ClassLoaderLogManager
06-Nov-2020 20:45:54.294 信息 [main] org.apache.catalina.startup.VersionLoggerListener.log 命令行参数：-Djdk.tls.ephemeralDHKeySize=2048
06-Nov-2020 20:45:54.295 信息 [main] org.apache.catalina.startup.VersionLoggerListener.log 命令行参数：-Djava.protocol.handler.pkgs=org.apache.catalina.webresources
06-Nov-2020 20:45:54.299 信息 [main] org.apache.catalina.startup.VersionLoggerListener.log 命令行参数：-Dignore.endorsed.dirs=
06-Nov-2020 20:45:54.300 信息 [main] org.apache.catalina.startup.VersionLoggerListener.log 命令行参数：-Dcatalina.base=E:\java\apache-tomcat-8.5.58
06-Nov-2020 20:45:54.301 信息 [main] org.apache.catalina.startup.VersionLoggerListener.log 命令行参数：-Dcatalina.home=E:\java\apache-tomcat-8.5.58
06-Nov-2020 20:45:54.302 信息 [main] org.apache.catalina.startup.VersionLoggerListener.log 命令行参数：-Djava.io.tmpdir=E:\java\apache-tomcat-8.5.58\temp
06-Nov-2020 20:45:54.303 信息 [main] org.apache.catalina.core.AprLifecycleListener.lifecycleEvent 使用APR版本[1.7.0]加载了基于APR的Apache Tomcat本机库[1.2.25]。
06-Nov-2020 20:45:54.304 信息 [main] org.apache.catalina.core.AprLifecycleListener.lifecycleEvent APR功能：IPv6[true]、sendfile[true]、accept filters[false]、random[true]。
06-Nov-2020 20:45:54.305 信息 [main] org.apache.catalina.core.AprLifecycleListener.lifecycleEvent APR/OpenSSL配置：useAprConnector[false]，useOpenSSL[true]
06-Nov-2020 20:45:54.312 信息 [main] org.apache.catalina.core.AprLifecycleListener.initializeSSL OpenSSL成功初始化 [OpenSSL 1.1.1g  21 Apr 2020]
06-Nov-2020 20:45:54.356 信息 [main] org.apache.coyote.AbstractProtocol.init 初始化协议处理器 ["http-nio-8080"]
06-Nov-2020 20:45:54.643 信息 [main] org.apache.tomcat.util.net.NioSelectorPool.getSharedSelector Using a shared selector for servlet write/read
06-Nov-2020 20:45:54.664 信息 [main] org.apache.catalina.startup.Catalina.load Initialization processed in 934 ms
06-Nov-2020 20:45:54.725 信息 [main] org.apache.catalina.core.StandardService.startInternal 正在启动服务[Catalina]
06-Nov-2020 20:45:54.726 信息 [main] org.apache.catalina.core.StandardEngine.startInternal Starting Servlet Engine: Apache Tomcat/8.5.58
06-Nov-2020 20:45:54.737 信息 [localhost-startStop-1] org.apache.catalina.startup.HostConfig.deployDirectory 把web 应用程序部署到目录 [E:\java\apache-tomcat-8.5.58\webapps\docs]
06-Nov-2020 20:45:55.207 警告 [localhost-startStop-1] org.apache.catalina.util.SessionIdGeneratorBase.createSecureRandom 使用[SHA1PRNG]创建会话ID生成的SecureRandom实例花费了[237]毫秒。
06-Nov-2020 20:45:55.232 信息 [localhost-startStop-1] org.apache.catalina.startup.HostConfig.deployDirectory Web应用程序目录[E:\java\apache-tomcat-8.5.58\webapps\docs]的部署已在[496]毫秒内完成
06-Nov-2020 20:45:55.233 信息 [localhost-startStop-1] org.apache.catalina.startup.HostConfig.deployDirectory 把web 应用程序部署到目录 [E:\java\apache-tomcat-8.5.58\webapps\examples]
06-Nov-2020 20:45:55.586 信息 [localhost-startStop-1] org.apache.catalina.startup.HostConfig.deployDirectory Web应用程序目录[E:\java\apache-tomcat-8.5.58\webapps\examples]的部署已在[353]毫秒内完成
06-Nov-2020 20:45:55.587 信息 [localhost-startStop-1] org.apache.catalina.startup.HostConfig.deployDirectory 把web 应用程序部署到目录 [E:\java\apache-tomcat-8.5.58\webapps\host-manager]
06-Nov-2020 20:45:55.622 信息 [localhost-startStop-1] org.apache.catalina.startup.HostConfig.deployDirectory Web应用程序目录[E:\java\apache-tomcat-8.5.58\webapps\host-manager]的部署已在[35]毫秒内完成
06-Nov-2020 20:45:55.623 信息 [localhost-startStop-1] org.apache.catalina.startup.HostConfig.deployDirectory 把web 应用程序部署到目录 [E:\java\apache-tomcat-8.5.58\webapps\manager]
06-Nov-2020 20:45:55.655 信息 [localhost-startStop-1] org.apache.catalina.startup.HostConfig.deployDirectory Web应用程序目录[E:\java\apache-tomcat-8.5.58\webapps\manager]的部署已在[32]毫秒内完成
06-Nov-2020 20:45:55.656 信息 [localhost-startStop-1] org.apache.catalina.startup.HostConfig.deployDirectory 把web 应用程序部署到目录 [E:\java\apache-tomcat-8.5.58\webapps\ROOT]
06-Nov-2020 20:45:55.680 信息 [localhost-startStop-1] org.apache.catalina.startup.HostConfig.deployDirectory Web应用程序目录[E:\java\apache-tomcat-8.5.58\webapps\ROOT]的部署已在[24]毫秒内完成
06-Nov-2020 20:45:55.683 信息 [main] org.apache.coyote.AbstractProtocol.start 开始协议处理句柄["http-nio-8080"]
06-Nov-2020 20:45:55.695 信息 [main] org.apache.catalina.startup.Catalina.start Server startup in 1029 ms
06-Nov-2020 20:46:07.775 信息 [main] org.apache.catalina.core.StandardServer.await 通过关闭端口接收到有效的关闭命令。正在停止服务器实例。
06-Nov-2020 20:46:07.776 信息 [main] org.apache.coyote.AbstractProtocol.pause 暂停ProtocolHandler["http-nio-8080"]
06-Nov-2020 20:46:08.016 信息 [main] org.apache.catalina.core.StandardService.stopInternal 正在停止服务[Catalina]
06-Nov-2020 20:46:08.039 信息 [main] org.apache.coyote.AbstractProtocol.stop 正在停止ProtocolHandler ["http-nio-8080"]
06-Nov-2020 20:46:08.041 信息 [main] org.apache.coyote.AbstractProtocol.destroy 正在摧毁协议处理器 ["http-nio-8080"]
