27-Sep-2020 18:59:38.798 信息 [main] org.apache.catalina.startup.VersionLoggerListener.log Server.服务器版本: Apache Tomcat/8.5.58
27-Sep-2020 18:59:38.815 信息 [main] org.apache.catalina.startup.VersionLoggerListener.log Server.服务器版本: Apache Tomcat/8.5.58
27-Sep-2020 18:59:38.837 信息 [main] org.apache.catalina.startup.VersionLoggerListener.log 服务器构建:        Sep 10 2020 21:45:33 UTC
27-Sep-2020 18:59:38.837 信息 [main] org.apache.catalina.startup.VersionLoggerListener.log 服务器构建:        Sep 10 2020 21:45:33 UTC
27-Sep-2020 18:59:38.837 信息 [main] org.apache.catalina.startup.VersionLoggerListener.log 服务器版本号(:     8.5.58.0
27-Sep-2020 18:59:38.837 信息 [main] org.apache.catalina.startup.VersionLoggerListener.log 服务器版本号(:     8.5.58.0
27-Sep-2020 18:59:38.839 信息 [main] org.apache.catalina.startup.VersionLoggerListener.log 操作系统名称:      Windows 10
27-Sep-2020 18:59:38.839 信息 [main] org.apache.catalina.startup.VersionLoggerListener.log 操作系统名称:      Windows 10
27-Sep-2020 18:59:38.840 信息 [main] org.apache.catalina.startup.VersionLoggerListener.log OS.版本:           10.0
27-Sep-2020 18:59:38.840 信息 [main] org.apache.catalina.startup.VersionLoggerListener.log OS.版本:           10.0
27-Sep-2020 18:59:38.840 信息 [main] org.apache.catalina.startup.VersionLoggerListener.log 架构:              amd64
27-Sep-2020 18:59:38.840 信息 [main] org.apache.catalina.startup.VersionLoggerListener.log 架构:              amd64
27-Sep-2020 18:59:38.840 信息 [main] org.apache.catalina.startup.VersionLoggerListener.log Java 环境变量:     D:\Java\jdk-9.0.4
27-Sep-2020 18:59:38.840 信息 [main] org.apache.catalina.startup.VersionLoggerListener.log Java 环境变量:     D:\Java\jdk-9.0.4
27-Sep-2020 18:59:38.840 信息 [main] org.apache.catalina.startup.VersionLoggerListener.log Java虚拟机版本:    9.0.4+11
27-Sep-2020 18:59:38.840 信息 [main] org.apache.catalina.startup.VersionLoggerListener.log Java虚拟机版本:    9.0.4+11
27-Sep-2020 18:59:38.841 信息 [main] org.apache.catalina.startup.VersionLoggerListener.log JVM.供应商:        Oracle Corporation
27-Sep-2020 18:59:38.841 信息 [main] org.apache.catalina.startup.VersionLoggerListener.log JVM.供应商:        Oracle Corporation
27-Sep-2020 18:59:38.841 信息 [main] org.apache.catalina.startup.VersionLoggerListener.log CATALINA_BASE:     E:\apache-tomcat-8.5.58-windows-x64\apache-tomcat-8.5.58
27-Sep-2020 18:59:38.841 信息 [main] org.apache.catalina.startup.VersionLoggerListener.log CATALINA_BASE:     E:\apache-tomcat-8.5.58-windows-x64\apache-tomcat-8.5.58
27-Sep-2020 18:59:38.841 信息 [main] org.apache.catalina.startup.VersionLoggerListener.log CATALINA_HOME:     E:\apache-tomcat-8.5.58-windows-x64\apache-tomcat-8.5.58
27-Sep-2020 18:59:38.841 信息 [main] org.apache.catalina.startup.VersionLoggerListener.log CATALINA_HOME:     E:\apache-tomcat-8.5.58-windows-x64\apache-tomcat-8.5.58
27-Sep-2020 18:59:38.842 信息 [main] org.apache.catalina.startup.VersionLoggerListener.log 命令行参数：--add-opens=java.base/java.lang=ALL-UNNAMED
27-Sep-2020 18:59:38.842 信息 [main] org.apache.catalina.startup.VersionLoggerListener.log 命令行参数：--add-opens=java.base/java.lang=ALL-UNNAMED
27-Sep-2020 18:59:38.842 信息 [main] org.apache.catalina.startup.VersionLoggerListener.log 命令行参数：--add-opens=java.base/java.io=ALL-UNNAMED
27-Sep-2020 18:59:38.842 信息 [main] org.apache.catalina.startup.VersionLoggerListener.log 命令行参数：--add-opens=java.base/java.io=ALL-UNNAMED
27-Sep-2020 18:59:38.842 信息 [main] org.apache.catalina.startup.VersionLoggerListener.log 命令行参数：--add-opens=java.rmi/sun.rmi.transport=ALL-UNNAMED
27-Sep-2020 18:59:38.842 信息 [main] org.apache.catalina.startup.VersionLoggerListener.log 命令行参数：--add-opens=java.rmi/sun.rmi.transport=ALL-UNNAMED
27-Sep-2020 18:59:38.843 信息 [main] org.apache.catalina.startup.VersionLoggerListener.log 命令行参数：-Djava.util.logging.config.file=E:\apache-tomcat-8.5.58-windows-x64\apache-tomcat-8.5.58\conf\logging.properties
27-Sep-2020 18:59:38.843 信息 [main] org.apache.catalina.startup.VersionLoggerListener.log 命令行参数：-Djava.util.logging.config.file=E:\apache-tomcat-8.5.58-windows-x64\apache-tomcat-8.5.58\conf\logging.properties
27-Sep-2020 18:59:38.844 信息 [main] org.apache.catalina.startup.VersionLoggerListener.log 命令行参数：-Djava.util.logging.manager=org.apache.juli.ClassLoaderLogManager
27-Sep-2020 18:59:38.844 信息 [main] org.apache.catalina.startup.VersionLoggerListener.log 命令行参数：-Djava.util.logging.manager=org.apache.juli.ClassLoaderLogManager
27-Sep-2020 18:59:38.845 信息 [main] org.apache.catalina.startup.VersionLoggerListener.log 命令行参数：-Djdk.tls.ephemeralDHKeySize=2048
27-Sep-2020 18:59:38.845 信息 [main] org.apache.catalina.startup.VersionLoggerListener.log 命令行参数：-Djdk.tls.ephemeralDHKeySize=2048
27-Sep-2020 18:59:38.847 信息 [main] org.apache.catalina.startup.VersionLoggerListener.log 命令行参数：-Djava.protocol.handler.pkgs=org.apache.catalina.webresources
27-Sep-2020 18:59:38.856 信息 [main] org.apache.catalina.startup.VersionLoggerListener.log 命令行参数：-Djava.protocol.handler.pkgs=org.apache.catalina.webresources
27-Sep-2020 18:59:38.857 信息 [main] org.apache.catalina.startup.VersionLoggerListener.log 命令行参数：-Dignore.endorsed.dirs=
27-Sep-2020 18:59:38.857 信息 [main] org.apache.catalina.startup.VersionLoggerListener.log 命令行参数：-Dignore.endorsed.dirs=
27-Sep-2020 18:59:38.858 信息 [main] org.apache.catalina.startup.VersionLoggerListener.log 命令行参数：-Dcatalina.base=E:\apache-tomcat-8.5.58-windows-x64\apache-tomcat-8.5.58
27-Sep-2020 18:59:38.858 信息 [main] org.apache.catalina.startup.VersionLoggerListener.log 命令行参数：-Dcatalina.base=E:\apache-tomcat-8.5.58-windows-x64\apache-tomcat-8.5.58
27-Sep-2020 18:59:38.859 信息 [main] org.apache.catalina.startup.VersionLoggerListener.log 命令行参数：-Dcatalina.home=E:\apache-tomcat-8.5.58-windows-x64\apache-tomcat-8.5.58
27-Sep-2020 18:59:38.859 信息 [main] org.apache.catalina.startup.VersionLoggerListener.log 命令行参数：-Dcatalina.home=E:\apache-tomcat-8.5.58-windows-x64\apache-tomcat-8.5.58
27-Sep-2020 18:59:38.860 信息 [main] org.apache.catalina.startup.VersionLoggerListener.log 命令行参数：-Djava.io.tmpdir=E:\apache-tomcat-8.5.58-windows-x64\apache-tomcat-8.5.58\temp
27-Sep-2020 18:59:38.860 信息 [main] org.apache.catalina.startup.VersionLoggerListener.log 命令行参数：-Djava.io.tmpdir=E:\apache-tomcat-8.5.58-windows-x64\apache-tomcat-8.5.58\temp
27-Sep-2020 18:59:38.861 信息 [main] org.apache.catalina.core.AprLifecycleListener.lifecycleEvent 使用APR版本[1.7.0]加载了基于APR的Apache Tomcat本机库[1.2.25]。
27-Sep-2020 18:59:38.861 信息 [main] org.apache.catalina.core.AprLifecycleListener.lifecycleEvent 使用APR版本[1.7.0]加载了基于APR的Apache Tomcat本机库[1.2.25]。
27-Sep-2020 18:59:38.863 信息 [main] org.apache.catalina.core.AprLifecycleListener.lifecycleEvent APR功能：IPv6[true]、sendfile[true]、accept filters[false]、random[true]。
27-Sep-2020 18:59:38.863 信息 [main] org.apache.catalina.core.AprLifecycleListener.lifecycleEvent APR功能：IPv6[true]、sendfile[true]、accept filters[false]、random[true]。
27-Sep-2020 18:59:38.869 信息 [main] org.apache.catalina.core.AprLifecycleListener.lifecycleEvent APR/OpenSSL配置：useAprConnector[false]，useOpenSSL[true]
27-Sep-2020 18:59:38.871 信息 [main] org.apache.catalina.core.AprLifecycleListener.lifecycleEvent APR/OpenSSL配置：useAprConnector[false]，useOpenSSL[true]
27-Sep-2020 18:59:38.876 信息 [main] org.apache.catalina.core.AprLifecycleListener.initializeSSL OpenSSL成功初始化 [OpenSSL 1.1.1g  21 Apr 2020]
27-Sep-2020 18:59:38.877 信息 [main] org.apache.catalina.core.AprLifecycleListener.initializeSSL OpenSSL成功初始化 [OpenSSL 1.1.1g  21 Apr 2020]
27-Sep-2020 18:59:38.949 信息 [main] org.apache.coyote.AbstractProtocol.init 初始化协议处理器 ["http-nio-8080"]
27-Sep-2020 18:59:38.950 信息 [main] org.apache.coyote.AbstractProtocol.init 初始化协议处理器 ["http-nio-8080"]
27-Sep-2020 18:59:38.968 严重 [main] org.apache.catalina.core.StandardService.initInternal Failed to initialize connector [Connector[HTTP/1.1-8080]]
	org.apache.catalina.LifecycleException: 协议处理程序初始化失败
		at org.apache.catalina.connector.Connector.initInternal(Connector.java:1077)
		at org.apache.catalina.util.LifecycleBase.init(LifecycleBase.java:136)
		at org.apache.catalina.core.StandardService.initInternal(StandardService.java:552)
		at org.apache.catalina.util.LifecycleBase.init(LifecycleBase.java:136)
		at org.apache.catalina.core.StandardServer.initInternal(StandardServer.java:848)
		at org.apache.catalina.util.LifecycleBase.init(LifecycleBase.java:136)
		at org.apache.catalina.startup.Catalina.load(Catalina.java:639)
		at org.apache.catalina.startup.Catalina.load(Catalina.java:662)
		at java.base/jdk.internal.reflect.NativeMethodAccessorImpl.invoke0(Native Method)
		at java.base/jdk.internal.reflect.NativeMethodAccessorImpl.invoke(NativeMethodAccessorImpl.java:62)
		at java.base/jdk.internal.reflect.DelegatingMethodAccessorImpl.invoke(DelegatingMethodAccessorImpl.java:43)
		at java.base/java.lang.reflect.Method.invoke(Method.java:564)
		at org.apache.catalina.startup.Bootstrap.load(Bootstrap.java:302)
		at org.apache.catalina.startup.Bootstrap.main(Bootstrap.java:472)
	Caused by: java.net.BindException: Address already in use: bind
		at java.base/sun.nio.ch.Net.bind0(Native Method)
		at java.base/sun.nio.ch.Net.bind(Net.java:433)
		at java.base/sun.nio.ch.Net.bind(Net.java:425)
		at java.base/sun.nio.ch.ServerSocketChannelImpl.bind(ServerSocketChannelImpl.java:225)
		at java.base/sun.nio.ch.ServerSocketAdaptor.bind(ServerSocketAdaptor.java:74)
		at org.apache.tomcat.util.net.NioEndpoint.bind(NioEndpoint.java:221)
		at org.apache.tomcat.util.net.AbstractEndpoint.init(AbstractEndpoint.java:1118)
		at org.apache.tomcat.util.net.AbstractJsseEndpoint.init(AbstractJsseEndpoint.java:222)
		at org.apache.coyote.AbstractProtocol.init(AbstractProtocol.java:587)
		at org.apache.coyote.http11.AbstractHttp11Protocol.init(AbstractHttp11Protocol.java:75)
		at org.apache.catalina.connector.Connector.initInternal(Connector.java:1075)
		... 13 more
27-Sep-2020 18:59:38.972 信息 [main] org.apache.catalina.startup.Catalina.load Initialization processed in 711 ms
27-Sep-2020 18:59:39.059 信息 [main] org.apache.catalina.core.StandardService.startInternal 正在启动服务[Catalina]
27-Sep-2020 18:59:39.060 信息 [main] org.apache.catalina.core.StandardEngine.startInternal Starting Servlet Engine: Apache Tomcat/8.5.58
27-Sep-2020 18:59:39.072 信息 [localhost-startStop-1] org.apache.catalina.startup.HostConfig.deployDirectory 把web 应用程序部署到目录 [E:\apache-tomcat-8.5.58-windows-x64\apache-tomcat-8.5.58\webapps\docs]
27-Sep-2020 18:59:39.468 信息 [main] org.apache.tomcat.util.net.NioSelectorPool.getSharedSelector Using a shared selector for servlet write/read
27-Sep-2020 18:59:39.486 信息 [main] org.apache.catalina.startup.Catalina.load Initialization processed in 1493 ms
27-Sep-2020 18:59:39.544 信息 [main] org.apache.catalina.core.StandardService.startInternal 正在启动服务[Catalina]
27-Sep-2020 18:59:39.545 信息 [main] org.apache.catalina.core.StandardEngine.startInternal Starting Servlet Engine: Apache Tomcat/8.5.58
27-Sep-2020 18:59:39.557 信息 [localhost-startStop-1] org.apache.catalina.startup.HostConfig.deployDirectory 把web 应用程序部署到目录 [E:\apache-tomcat-8.5.58-windows-x64\apache-tomcat-8.5.58\webapps\docs]
27-Sep-2020 18:59:39.842 警告 [localhost-startStop-1] org.apache.catalina.util.SessionIdGeneratorBase.createSecureRandom 使用[SHA1PRNG]创建会话ID生成的SecureRandom实例花费了[485]毫秒。
27-Sep-2020 18:59:39.876 信息 [localhost-startStop-1] org.apache.catalina.startup.HostConfig.deployDirectory Web应用程序目录[E:\apache-tomcat-8.5.58-windows-x64\apache-tomcat-8.5.58\webapps\docs]的部署已在[804]毫秒内完成
27-Sep-2020 18:59:39.880 信息 [localhost-startStop-1] org.apache.catalina.startup.HostConfig.deployDirectory 把web 应用程序部署到目录 [E:\apache-tomcat-8.5.58-windows-x64\apache-tomcat-8.5.58\webapps\examples]
27-Sep-2020 18:59:40.237 警告 [localhost-startStop-1] org.apache.catalina.util.SessionIdGeneratorBase.createSecureRandom 使用[SHA1PRNG]创建会话ID生成的SecureRandom实例花费了[444]毫秒。
27-Sep-2020 18:59:40.270 信息 [localhost-startStop-1] org.apache.catalina.startup.HostConfig.deployDirectory Web应用程序目录[E:\apache-tomcat-8.5.58-windows-x64\apache-tomcat-8.5.58\webapps\docs]的部署已在[713]毫秒内完成
27-Sep-2020 18:59:40.273 信息 [localhost-startStop-1] org.apache.catalina.startup.HostConfig.deployDirectory 把web 应用程序部署到目录 [E:\apache-tomcat-8.5.58-windows-x64\apache-tomcat-8.5.58\webapps\examples]
27-Sep-2020 18:59:40.283 信息 [localhost-startStop-1] org.apache.catalina.startup.HostConfig.deployDirectory Web应用程序目录[E:\apache-tomcat-8.5.58-windows-x64\apache-tomcat-8.5.58\webapps\examples]的部署已在[403]毫秒内完成
27-Sep-2020 18:59:40.286 信息 [localhost-startStop-1] org.apache.catalina.startup.HostConfig.deployDirectory 把web 应用程序部署到目录 [E:\apache-tomcat-8.5.58-windows-x64\apache-tomcat-8.5.58\webapps\host-manager]
27-Sep-2020 18:59:40.322 信息 [localhost-startStop-1] org.apache.catalina.startup.HostConfig.deployDirectory Web应用程序目录[E:\apache-tomcat-8.5.58-windows-x64\apache-tomcat-8.5.58\webapps\host-manager]的部署已在[36]毫秒内完成
27-Sep-2020 18:59:40.325 信息 [localhost-startStop-1] org.apache.catalina.startup.HostConfig.deployDirectory 把web 应用程序部署到目录 [E:\apache-tomcat-8.5.58-windows-x64\apache-tomcat-8.5.58\webapps\manager]
27-Sep-2020 18:59:40.353 信息 [localhost-startStop-1] org.apache.catalina.startup.HostConfig.deployDirectory Web应用程序目录[E:\apache-tomcat-8.5.58-windows-x64\apache-tomcat-8.5.58\webapps\manager]的部署已在[28]毫秒内完成
27-Sep-2020 18:59:40.356 信息 [localhost-startStop-1] org.apache.catalina.startup.HostConfig.deployDirectory 把web 应用程序部署到目录 [E:\apache-tomcat-8.5.58-windows-x64\apache-tomcat-8.5.58\webapps\ROOT]
27-Sep-2020 18:59:40.377 信息 [localhost-startStop-1] org.apache.catalina.startup.HostConfig.deployDirectory Web应用程序目录[E:\apache-tomcat-8.5.58-windows-x64\apache-tomcat-8.5.58\webapps\ROOT]的部署已在[21]毫秒内完成
27-Sep-2020 18:59:40.382 信息 [main] org.apache.catalina.startup.Catalina.start Server startup in 1410 ms
27-Sep-2020 18:59:40.619 信息 [localhost-startStop-1] org.apache.catalina.startup.HostConfig.deployDirectory Web应用程序目录[E:\apache-tomcat-8.5.58-windows-x64\apache-tomcat-8.5.58\webapps\examples]的部署已在[346]毫秒内完成
27-Sep-2020 18:59:40.622 信息 [localhost-startStop-1] org.apache.catalina.startup.HostConfig.deployDirectory 把web 应用程序部署到目录 [E:\apache-tomcat-8.5.58-windows-x64\apache-tomcat-8.5.58\webapps\host-manager]
27-Sep-2020 18:59:40.653 信息 [localhost-startStop-1] org.apache.catalina.startup.HostConfig.deployDirectory Web应用程序目录[E:\apache-tomcat-8.5.58-windows-x64\apache-tomcat-8.5.58\webapps\host-manager]的部署已在[31]毫秒内完成
27-Sep-2020 18:59:40.656 信息 [localhost-startStop-1] org.apache.catalina.startup.HostConfig.deployDirectory 把web 应用程序部署到目录 [E:\apache-tomcat-8.5.58-windows-x64\apache-tomcat-8.5.58\webapps\manager]
27-Sep-2020 18:59:40.682 信息 [localhost-startStop-1] org.apache.catalina.startup.HostConfig.deployDirectory Web应用程序目录[E:\apache-tomcat-8.5.58-windows-x64\apache-tomcat-8.5.58\webapps\manager]的部署已在[26]毫秒内完成
27-Sep-2020 18:59:40.684 信息 [localhost-startStop-1] org.apache.catalina.startup.HostConfig.deployDirectory 把web 应用程序部署到目录 [E:\apache-tomcat-8.5.58-windows-x64\apache-tomcat-8.5.58\webapps\ROOT]
27-Sep-2020 18:59:40.704 信息 [localhost-startStop-1] org.apache.catalina.startup.HostConfig.deployDirectory Web应用程序目录[E:\apache-tomcat-8.5.58-windows-x64\apache-tomcat-8.5.58\webapps\ROOT]的部署已在[20]毫秒内完成
27-Sep-2020 18:59:40.709 信息 [main] org.apache.coyote.AbstractProtocol.start 开始协议处理句柄["http-nio-8080"]
27-Sep-2020 18:59:40.749 信息 [main] org.apache.catalina.startup.Catalina.start Server startup in 1262 ms
27-Sep-2020 18:59:40.755 严重 [main] org.apache.catalina.core.StandardServer.await StandardServer.await: create[localhost:8005]: 
	java.net.BindException: Address already in use: NET_Bind
		at java.base/java.net.DualStackPlainSocketImpl.bind0(Native Method)
		at java.base/java.net.DualStackPlainSocketImpl.socketBind(DualStackPlainSocketImpl.java:106)
		at java.base/java.net.AbstractPlainSocketImpl.bind(AbstractPlainSocketImpl.java:437)
		at java.base/java.net.PlainSocketImpl.bind(PlainSocketImpl.java:174)
		at java.base/java.net.ServerSocket.bind(ServerSocket.java:381)
		at java.base/java.net.ServerSocket.<init>(ServerSocket.java:243)
		at org.apache.catalina.core.StandardServer.await(StandardServer.java:421)
		at org.apache.catalina.startup.Catalina.await(Catalina.java:776)
		at org.apache.catalina.startup.Catalina.start(Catalina.java:722)
		at java.base/jdk.internal.reflect.NativeMethodAccessorImpl.invoke0(Native Method)
		at java.base/jdk.internal.reflect.NativeMethodAccessorImpl.invoke(NativeMethodAccessorImpl.java:62)
		at java.base/jdk.internal.reflect.DelegatingMethodAccessorImpl.invoke(DelegatingMethodAccessorImpl.java:43)
		at java.base/java.lang.reflect.Method.invoke(Method.java:564)
		at org.apache.catalina.startup.Bootstrap.start(Bootstrap.java:342)
		at org.apache.catalina.startup.Bootstrap.main(Bootstrap.java:473)
27-Sep-2020 18:59:40.757 信息 [main] org.apache.coyote.AbstractProtocol.pause 暂停ProtocolHandler["http-nio-8080"]
27-Sep-2020 18:59:41.183 信息 [main] org.apache.catalina.core.StandardService.stopInternal 正在停止服务[Catalina]
27-Sep-2020 18:59:41.233 信息 [main] org.apache.coyote.AbstractProtocol.stop 正在停止ProtocolHandler ["http-nio-8080"]
27-Sep-2020 18:59:41.236 信息 [main] org.apache.coyote.AbstractProtocol.destroy 正在摧毁协议处理器 ["http-nio-8080"]
27-Sep-2020 19:00:01.318 信息 [main] org.apache.catalina.startup.VersionLoggerListener.log Server.服务器版本: Apache Tomcat/8.5.58
27-Sep-2020 19:00:01.327 信息 [main] org.apache.catalina.startup.VersionLoggerListener.log 服务器构建:        Sep 10 2020 21:45:33 UTC
27-Sep-2020 19:00:01.327 信息 [main] org.apache.catalina.startup.VersionLoggerListener.log 服务器版本号(:     8.5.58.0
27-Sep-2020 19:00:01.328 信息 [main] org.apache.catalina.startup.VersionLoggerListener.log 操作系统名称:      Windows 10
27-Sep-2020 19:00:01.328 信息 [main] org.apache.catalina.startup.VersionLoggerListener.log OS.版本:           10.0
27-Sep-2020 19:00:01.328 信息 [main] org.apache.catalina.startup.VersionLoggerListener.log 架构:              amd64
27-Sep-2020 19:00:01.329 信息 [main] org.apache.catalina.startup.VersionLoggerListener.log Java 环境变量:     D:\Java\jdk-9.0.4
27-Sep-2020 19:00:01.329 信息 [main] org.apache.catalina.startup.VersionLoggerListener.log Java虚拟机版本:    9.0.4+11
27-Sep-2020 19:00:01.330 信息 [main] org.apache.catalina.startup.VersionLoggerListener.log JVM.供应商:        Oracle Corporation
27-Sep-2020 19:00:01.330 信息 [main] org.apache.catalina.startup.VersionLoggerListener.log CATALINA_BASE:     E:\apache-tomcat-8.5.58-windows-x64\apache-tomcat-8.5.58
27-Sep-2020 19:00:01.331 信息 [main] org.apache.catalina.startup.VersionLoggerListener.log CATALINA_HOME:     E:\apache-tomcat-8.5.58-windows-x64\apache-tomcat-8.5.58
27-Sep-2020 19:00:01.331 信息 [main] org.apache.catalina.startup.VersionLoggerListener.log 命令行参数：--add-opens=java.base/java.lang=ALL-UNNAMED
27-Sep-2020 19:00:01.331 信息 [main] org.apache.catalina.startup.VersionLoggerListener.log 命令行参数：--add-opens=java.base/java.io=ALL-UNNAMED
27-Sep-2020 19:00:01.332 信息 [main] org.apache.catalina.startup.VersionLoggerListener.log 命令行参数：--add-opens=java.rmi/sun.rmi.transport=ALL-UNNAMED
27-Sep-2020 19:00:01.333 信息 [main] org.apache.catalina.startup.VersionLoggerListener.log 命令行参数：-Djava.util.logging.config.file=E:\apache-tomcat-8.5.58-windows-x64\apache-tomcat-8.5.58\conf\logging.properties
27-Sep-2020 19:00:01.335 信息 [main] org.apache.catalina.startup.VersionLoggerListener.log 命令行参数：-Djava.util.logging.manager=org.apache.juli.ClassLoaderLogManager
27-Sep-2020 19:00:01.335 信息 [main] org.apache.catalina.startup.VersionLoggerListener.log 命令行参数：-Djdk.tls.ephemeralDHKeySize=2048
27-Sep-2020 19:00:01.336 信息 [main] org.apache.catalina.startup.VersionLoggerListener.log 命令行参数：-Djava.protocol.handler.pkgs=org.apache.catalina.webresources
27-Sep-2020 19:00:01.343 信息 [main] org.apache.catalina.startup.VersionLoggerListener.log 命令行参数：-Dignore.endorsed.dirs=
27-Sep-2020 19:00:01.343 信息 [main] org.apache.catalina.startup.VersionLoggerListener.log 命令行参数：-Dcatalina.base=E:\apache-tomcat-8.5.58-windows-x64\apache-tomcat-8.5.58
27-Sep-2020 19:00:01.344 信息 [main] org.apache.catalina.startup.VersionLoggerListener.log 命令行参数：-Dcatalina.home=E:\apache-tomcat-8.5.58-windows-x64\apache-tomcat-8.5.58
27-Sep-2020 19:00:01.345 信息 [main] org.apache.catalina.startup.VersionLoggerListener.log 命令行参数：-Djava.io.tmpdir=E:\apache-tomcat-8.5.58-windows-x64\apache-tomcat-8.5.58\temp
27-Sep-2020 19:00:01.347 信息 [main] org.apache.catalina.core.AprLifecycleListener.lifecycleEvent 使用APR版本[1.7.0]加载了基于APR的Apache Tomcat本机库[1.2.25]。
27-Sep-2020 19:00:01.349 信息 [main] org.apache.catalina.core.AprLifecycleListener.lifecycleEvent APR功能：IPv6[true]、sendfile[true]、accept filters[false]、random[true]。
27-Sep-2020 19:00:01.350 信息 [main] org.apache.catalina.core.AprLifecycleListener.lifecycleEvent APR/OpenSSL配置：useAprConnector[false]，useOpenSSL[true]
27-Sep-2020 19:00:01.357 信息 [main] org.apache.catalina.core.AprLifecycleListener.initializeSSL OpenSSL成功初始化 [OpenSSL 1.1.1g  21 Apr 2020]
27-Sep-2020 19:00:01.406 信息 [main] org.apache.coyote.AbstractProtocol.init 初始化协议处理器 ["http-nio-8080"]
27-Sep-2020 19:00:01.912 信息 [main] org.apache.tomcat.util.net.NioSelectorPool.getSharedSelector Using a shared selector for servlet write/read
27-Sep-2020 19:00:01.930 信息 [main] org.apache.catalina.startup.Catalina.load Initialization processed in 1166 ms
27-Sep-2020 19:00:01.988 信息 [main] org.apache.catalina.core.StandardService.startInternal 正在启动服务[Catalina]
27-Sep-2020 19:00:01.989 信息 [main] org.apache.catalina.core.StandardEngine.startInternal Starting Servlet Engine: Apache Tomcat/8.5.58
27-Sep-2020 19:00:02.001 信息 [localhost-startStop-1] org.apache.catalina.startup.HostConfig.deployDirectory 把web 应用程序部署到目录 [E:\apache-tomcat-8.5.58-windows-x64\apache-tomcat-8.5.58\webapps\docs]
27-Sep-2020 19:00:02.665 警告 [localhost-startStop-1] org.apache.catalina.util.SessionIdGeneratorBase.createSecureRandom 使用[SHA1PRNG]创建会话ID生成的SecureRandom实例花费了[429]毫秒。
27-Sep-2020 19:00:02.693 信息 [localhost-startStop-1] org.apache.catalina.startup.HostConfig.deployDirectory Web应用程序目录[E:\apache-tomcat-8.5.58-windows-x64\apache-tomcat-8.5.58\webapps\docs]的部署已在[691]毫秒内完成
27-Sep-2020 19:00:02.697 信息 [localhost-startStop-1] org.apache.catalina.startup.HostConfig.deployDirectory 把web 应用程序部署到目录 [E:\apache-tomcat-8.5.58-windows-x64\apache-tomcat-8.5.58\webapps\examples]
27-Sep-2020 19:00:03.062 信息 [localhost-startStop-1] org.apache.catalina.startup.HostConfig.deployDirectory Web应用程序目录[E:\apache-tomcat-8.5.58-windows-x64\apache-tomcat-8.5.58\webapps\examples]的部署已在[365]毫秒内完成
27-Sep-2020 19:00:03.065 信息 [localhost-startStop-1] org.apache.catalina.startup.HostConfig.deployDirectory 把web 应用程序部署到目录 [E:\apache-tomcat-8.5.58-windows-x64\apache-tomcat-8.5.58\webapps\host-manager]
27-Sep-2020 19:00:03.096 信息 [localhost-startStop-1] org.apache.catalina.startup.HostConfig.deployDirectory Web应用程序目录[E:\apache-tomcat-8.5.58-windows-x64\apache-tomcat-8.5.58\webapps\host-manager]的部署已在[31]毫秒内完成
27-Sep-2020 19:00:03.100 信息 [localhost-startStop-1] org.apache.catalina.startup.HostConfig.deployDirectory 把web 应用程序部署到目录 [E:\apache-tomcat-8.5.58-windows-x64\apache-tomcat-8.5.58\webapps\manager]
27-Sep-2020 19:00:03.130 信息 [localhost-startStop-1] org.apache.catalina.startup.HostConfig.deployDirectory Web应用程序目录[E:\apache-tomcat-8.5.58-windows-x64\apache-tomcat-8.5.58\webapps\manager]的部署已在[29]毫秒内完成
27-Sep-2020 19:00:03.133 信息 [localhost-startStop-1] org.apache.catalina.startup.HostConfig.deployDirectory 把web 应用程序部署到目录 [E:\apache-tomcat-8.5.58-windows-x64\apache-tomcat-8.5.58\webapps\ROOT]
27-Sep-2020 19:00:03.153 信息 [localhost-startStop-1] org.apache.catalina.startup.HostConfig.deployDirectory Web应用程序目录[E:\apache-tomcat-8.5.58-windows-x64\apache-tomcat-8.5.58\webapps\ROOT]的部署已在[20]毫秒内完成
27-Sep-2020 19:00:03.158 信息 [main] org.apache.coyote.AbstractProtocol.start 开始协议处理句柄["http-nio-8080"]
27-Sep-2020 19:00:03.169 信息 [main] org.apache.catalina.startup.Catalina.start Server startup in 1238 ms
27-Sep-2020 19:07:06.246 信息 [main] org.apache.catalina.startup.VersionLoggerListener.log Server.服务器版本: Apache Tomcat/8.5.58
27-Sep-2020 19:07:06.252 信息 [main] org.apache.catalina.startup.VersionLoggerListener.log 服务器构建:        Sep 10 2020 21:45:33 UTC
27-Sep-2020 19:07:06.254 信息 [main] org.apache.catalina.startup.VersionLoggerListener.log 服务器版本号(:     8.5.58.0
27-Sep-2020 19:07:06.255 信息 [main] org.apache.catalina.startup.VersionLoggerListener.log 操作系统名称:      Windows 10
27-Sep-2020 19:07:06.256 信息 [main] org.apache.catalina.startup.VersionLoggerListener.log OS.版本:           10.0
27-Sep-2020 19:07:06.256 信息 [main] org.apache.catalina.startup.VersionLoggerListener.log 架构:              amd64
27-Sep-2020 19:07:06.256 信息 [main] org.apache.catalina.startup.VersionLoggerListener.log Java 环境变量:     D:\Java\jdk-9.0.4
27-Sep-2020 19:07:06.257 信息 [main] org.apache.catalina.startup.VersionLoggerListener.log Java虚拟机版本:    9.0.4+11
27-Sep-2020 19:07:06.257 信息 [main] org.apache.catalina.startup.VersionLoggerListener.log JVM.供应商:        Oracle Corporation
27-Sep-2020 19:07:06.257 信息 [main] org.apache.catalina.startup.VersionLoggerListener.log CATALINA_BASE:     E:\apache-tomcat-8.5.58-windows-x64\apache-tomcat-8.5.58
27-Sep-2020 19:07:06.258 信息 [main] org.apache.catalina.startup.VersionLoggerListener.log CATALINA_HOME:     E:\apache-tomcat-8.5.58-windows-x64\apache-tomcat-8.5.58
27-Sep-2020 19:07:06.258 信息 [main] org.apache.catalina.startup.VersionLoggerListener.log 命令行参数：--add-opens=java.base/java.lang=ALL-UNNAMED
27-Sep-2020 19:07:06.259 信息 [main] org.apache.catalina.startup.VersionLoggerListener.log 命令行参数：--add-opens=java.base/java.io=ALL-UNNAMED
27-Sep-2020 19:07:06.259 信息 [main] org.apache.catalina.startup.VersionLoggerListener.log 命令行参数：--add-opens=java.rmi/sun.rmi.transport=ALL-UNNAMED
27-Sep-2020 19:07:06.259 信息 [main] org.apache.catalina.startup.VersionLoggerListener.log 命令行参数：-Djava.util.logging.config.file=E:\apache-tomcat-8.5.58-windows-x64\apache-tomcat-8.5.58\conf\logging.properties
27-Sep-2020 19:07:06.259 信息 [main] org.apache.catalina.startup.VersionLoggerListener.log 命令行参数：-Djava.util.logging.manager=org.apache.juli.ClassLoaderLogManager
27-Sep-2020 19:07:06.260 信息 [main] org.apache.catalina.startup.VersionLoggerListener.log 命令行参数：-Djdk.tls.ephemeralDHKeySize=2048
27-Sep-2020 19:07:06.260 信息 [main] org.apache.catalina.startup.VersionLoggerListener.log 命令行参数：-Djava.protocol.handler.pkgs=org.apache.catalina.webresources
27-Sep-2020 19:07:06.261 信息 [main] org.apache.catalina.startup.VersionLoggerListener.log 命令行参数：-Dignore.endorsed.dirs=
27-Sep-2020 19:07:06.262 信息 [main] org.apache.catalina.startup.VersionLoggerListener.log 命令行参数：-Dcatalina.base=E:\apache-tomcat-8.5.58-windows-x64\apache-tomcat-8.5.58
27-Sep-2020 19:07:06.262 信息 [main] org.apache.catalina.startup.VersionLoggerListener.log 命令行参数：-Dcatalina.home=E:\apache-tomcat-8.5.58-windows-x64\apache-tomcat-8.5.58
27-Sep-2020 19:07:06.263 信息 [main] org.apache.catalina.startup.VersionLoggerListener.log 命令行参数：-Djava.io.tmpdir=E:\apache-tomcat-8.5.58-windows-x64\apache-tomcat-8.5.58\temp
27-Sep-2020 19:07:06.274 信息 [main] org.apache.catalina.core.AprLifecycleListener.lifecycleEvent 使用APR版本[1.7.0]加载了基于APR的Apache Tomcat本机库[1.2.25]。
27-Sep-2020 19:07:06.274 信息 [main] org.apache.catalina.core.AprLifecycleListener.lifecycleEvent APR功能：IPv6[true]、sendfile[true]、accept filters[false]、random[true]。
27-Sep-2020 19:07:06.276 信息 [main] org.apache.catalina.core.AprLifecycleListener.lifecycleEvent APR/OpenSSL配置：useAprConnector[false]，useOpenSSL[true]
27-Sep-2020 19:07:06.283 信息 [main] org.apache.catalina.core.AprLifecycleListener.initializeSSL OpenSSL成功初始化 [OpenSSL 1.1.1g  21 Apr 2020]
27-Sep-2020 19:07:06.328 信息 [main] org.apache.coyote.AbstractProtocol.init 初始化协议处理器 ["http-nio-8080"]
27-Sep-2020 19:07:06.805 信息 [main] org.apache.tomcat.util.net.NioSelectorPool.getSharedSelector Using a shared selector for servlet write/read
27-Sep-2020 19:07:06.823 信息 [main] org.apache.catalina.startup.Catalina.load Initialization processed in 1635 ms
27-Sep-2020 19:07:06.880 信息 [main] org.apache.catalina.core.StandardService.startInternal 正在启动服务[Catalina]
27-Sep-2020 19:07:06.880 信息 [main] org.apache.catalina.core.StandardEngine.startInternal Starting Servlet Engine: Apache Tomcat/8.5.58
27-Sep-2020 19:07:06.890 信息 [localhost-startStop-1] org.apache.catalina.startup.HostConfig.deployDirectory 把web 应用程序部署到目录 [E:\apache-tomcat-8.5.58-windows-x64\apache-tomcat-8.5.58\webapps\docs]
27-Sep-2020 19:07:07.559 警告 [localhost-startStop-1] org.apache.catalina.util.SessionIdGeneratorBase.createSecureRandom 使用[SHA1PRNG]创建会话ID生成的SecureRandom实例花费了[437]毫秒。
27-Sep-2020 19:07:07.582 信息 [localhost-startStop-1] org.apache.catalina.startup.HostConfig.deployDirectory Web应用程序目录[E:\apache-tomcat-8.5.58-windows-x64\apache-tomcat-8.5.58\webapps\docs]的部署已在[691]毫秒内完成
27-Sep-2020 19:07:07.582 信息 [localhost-startStop-1] org.apache.catalina.startup.HostConfig.deployDirectory 把web 应用程序部署到目录 [E:\apache-tomcat-8.5.58-windows-x64\apache-tomcat-8.5.58\webapps\examples]
27-Sep-2020 19:07:07.920 信息 [localhost-startStop-1] org.apache.catalina.startup.HostConfig.deployDirectory Web应用程序目录[E:\apache-tomcat-8.5.58-windows-x64\apache-tomcat-8.5.58\webapps\examples]的部署已在[338]毫秒内完成
27-Sep-2020 19:07:07.920 信息 [localhost-startStop-1] org.apache.catalina.startup.HostConfig.deployDirectory 把web 应用程序部署到目录 [E:\apache-tomcat-8.5.58-windows-x64\apache-tomcat-8.5.58\webapps\host-manager]
27-Sep-2020 19:07:07.953 信息 [localhost-startStop-1] org.apache.catalina.startup.HostConfig.deployDirectory Web应用程序目录[E:\apache-tomcat-8.5.58-windows-x64\apache-tomcat-8.5.58\webapps\host-manager]的部署已在[33]毫秒内完成
27-Sep-2020 19:07:07.954 信息 [localhost-startStop-1] org.apache.catalina.startup.HostConfig.deployDirectory 把web 应用程序部署到目录 [E:\apache-tomcat-8.5.58-windows-x64\apache-tomcat-8.5.58\webapps\manager]
27-Sep-2020 19:07:07.983 信息 [localhost-startStop-1] org.apache.catalina.startup.HostConfig.deployDirectory Web应用程序目录[E:\apache-tomcat-8.5.58-windows-x64\apache-tomcat-8.5.58\webapps\manager]的部署已在[29]毫秒内完成
27-Sep-2020 19:07:07.984 信息 [localhost-startStop-1] org.apache.catalina.startup.HostConfig.deployDirectory 把web 应用程序部署到目录 [E:\apache-tomcat-8.5.58-windows-x64\apache-tomcat-8.5.58\webapps\ROOT]
27-Sep-2020 19:07:08.005 信息 [localhost-startStop-1] org.apache.catalina.startup.HostConfig.deployDirectory Web应用程序目录[E:\apache-tomcat-8.5.58-windows-x64\apache-tomcat-8.5.58\webapps\ROOT]的部署已在[21]毫秒内完成
27-Sep-2020 19:07:08.007 信息 [main] org.apache.coyote.AbstractProtocol.start 开始协议处理句柄["http-nio-8080"]
27-Sep-2020 19:07:08.018 信息 [main] org.apache.catalina.startup.Catalina.start Server startup in 1194 ms
